<?xml version="1.0" encoding="UTF-8"?>
<!-- Generated by org.testng.reporters.JUnitReportReporter -->
<testsuite hostname="TYSS-Amar" failures="0" tests="2" name="testCases.TC_001_SignIn" time="9.386" errors="0" timestamp="2024-10-31T17:20:33 IST" skipped="0">
  <testcase classname="testCases.TC_001_SignIn" name="VerifyLandingPage" time="4.187"/>
  <testcase classname="testCases.TC_001_SignIn" name="loginTest" time="5.199"/>
</testsuite> <!-- testCases.TC_001_SignIn -->
