<?xml version="1.0" encoding="UTF-8"?>
<!-- Generated by org.testng.reporters.JUnitReportReporter -->
<testsuite hostname="TYSS-Amar" failures="0" tests="1" name="testCases.LoginMyn" time="6.181" errors="0" timestamp="2025-04-03T10:33:59 IST" skipped="0">
  <testcase classname="testCases.LoginMyn" name="Login" time="6.181"/>
</testsuite> <!-- testCases.LoginMyn -->
