<?xml version="1.0" encoding="UTF-8"?>
<!-- Generated by org.testng.reporters.JUnitReportReporter -->
<testsuite hostname="TYSS-Amar" failures="0" tests="2" name="testBase.testdata" time="2.235" errors="0" timestamp="2025-04-03T10:32:11 IST" skipped="0">
  <testcase classname="testBase.testdata" name="luanch" time="0.128"/>
  <testcase classname="testBase.testdata" name="luanch" time="2.107"/>
</testsuite> <!-- testBase.testdata -->
